Build started 2/4/2013 7:40:11 PM.
     1>Project "C:\Users\Alex\Documents\Visual Studio 2010\Projects\Homework 2-Craps\Craps Homework\Craps Homework.vcxproj" on node 2 (build target(s)).
     1>InitializeBuildStatus:
         Creating "Debug\Craps Homework.unsuccessfulbuild" because "AlwaysCreate" was specified.
       ClCompile:
         C:\Program Files (x86)\Microsoft Visual Studio 10.0\VC\bin\CL.exe /c /ZI /nologo /W3 /WX- /Od /Oy- /D WIN32 /D _DEBUG /D _CONSOLE /D _UNICODE /D UNICODE /Gm /EHsc /RTC1 /MDd /GS /fp:precise /Zc:wchar_t /Zc:forScope /Yc"StdAfx.h" /Fp"Debug\Craps Homework.pch" /Fo"Debug\\" /Fd"Debug\vc100.pdb" /Gd /TP /analyze- /errorReport:prompt stdafx.cpp
         stdafx.cpp
         C:\Program Files (x86)\Microsoft Visual Studio 10.0\VC\bin\CL.exe /c /ZI /nologo /W3 /WX- /Od /Oy- /D WIN32 /D _DEBUG /D _CONSOLE /D _UNICODE /D UNICODE /Gm /EHsc /RTC1 /MDd /GS /fp:precise /Zc:wchar_t /Zc:forScope /Yu"StdAfx.h" /Fp"Debug\Craps Homework.pch" /Fo"Debug\\" /Fd"Debug\vc100.pdb" /Gd /TP /analyze- /errorReport:prompt "Craps Homework.cpp"
         Craps Homework.cpp
       ManifestResourceCompile:
         C:\Program Files (x86)\Microsoft SDKs\Windows\v7.0A\bin\rc.exe /nologo /fo"Debug\Craps Homework.exe.embed.manifest.res" "Debug\Craps Homework_manifest.rc" 
       Link:
         C:\Program Files (x86)\Microsoft Visual Studio 10.0\VC\bin\link.exe /ERRORREPORT:PROMPT /OUT:"C:\Users\Alex\Documents\Visual Studio 2010\Projects\Homework 2-Craps\Debug\Craps Homework.exe" /INCREMENTAL /NOLOGO kernel32.lib user32.lib gdi32.lib winspool.lib comdlg32.lib advapi32.lib shell32.lib ole32.lib oleaut32.lib uuid.lib odbc32.lib odbccp32.lib /MANIFEST /ManifestFile:"Debug\Craps Homework.exe.intermediate.manifest" /MANIFESTUAC:"level='asInvoker' uiAccess='false'" /DEBUG /PDB:"C:\Users\Alex\Documents\Visual Studio 2010\Projects\Homework 2-Craps\Debug\Craps Homework.pdb" /SUBSYSTEM:CONSOLE /TLBID:1 /DYNAMICBASE /NXCOMPAT /IMPLIB:"C:\Users\Alex\Documents\Visual Studio 2010\Projects\Homework 2-Craps\Debug\Craps Homework.lib" /MACHINE:X86 "Debug\Craps Homework.exe.embed.manifest.res"
         "Debug\Craps Homework.obj"
         Debug\stdafx.obj
       Manifest:
         C:\Program Files (x86)\Microsoft SDKs\Windows\v7.0A\bin\mt.exe /nologo /verbose /out:"Debug\Craps Homework.exe.embed.manifest" /manifest "Debug\Craps Homework.exe.intermediate.manifest"
         All outputs are up-to-date.
       LinkEmbedManifest:
         All outputs are up-to-date.
         Craps Homework.vcxproj -> C:\Users\Alex\Documents\Visual Studio 2010\Projects\Homework 2-Craps\Debug\Craps Homework.exe
       FinalizeBuildStatus:
         Deleting file "Debug\Craps Homework.unsuccessfulbuild".
         Touching "Debug\Craps Homework.lastbuildstate".
     1>Done Building Project "C:\Users\Alex\Documents\Visual Studio 2010\Projects\Homework 2-Craps\Craps Homework\Craps Homework.vcxproj" (build target(s)).

Build succeeded.

Time Elapsed 00:00:01.17
